# JRE version: OpenJDK Runtime Environment (21.0.9) (build 21.0.9+-14787801-b1163.94)
# Java VM: OpenJDK 64-Bit Server VM (21.0.9+-14787801-b1163.94, mixed mode, tiered, compressed oops, compressed class ptrs, g1 gc, windows-amd64)
GC Precious Log:
 CardTable entry size: 512
 Card Set container configuration: InlinePtr #cards 5 size 8 Array Of Cards #cards 12 size 40 Howl #buckets 4 coarsen threshold 1843 Howl Bitmap #cards 512 size 80 coarsen threshold 460 Card regions per heap region 1 cards per card region 2048
 CPUs: 8 total, 8 available
 Memory: 16149M
 Large Page Support: Disabled
 NUMA Support: Disabled
 Compressed Oops: Enabled (32-bit)
 Heap Region Size: 1M
 Heap Min Capacity: 8M
 Heap Initial Capacity: 254M
 Heap Max Capacity: 2G
 Pre-touch: Disabled
 Parallel Workers: 8
 Concurrent Workers: 2
 Concurrent Refinement Workers: 8
 Periodic GC: Disabled
Heap:
 garbage-first heap   total 327680K, used 229888K [0x0000000080000000, 0x0000000100000000)
  region size 1024K, 46 young (47104K), 12 survivors (12288K)
 Metaspace       used 165101K, committed 167296K, reserved 1245184K
  class space    used 21578K, committed 22656K, reserved 1048576K
GC Heap History (20 events):
Event: 46.039 GC heap before
{Heap before GC invocations=50 (full 0):
 garbage-first heap   total 265216K, used 218551K [0x0000000080000000, 0x0000000100000000)
  region size 1024K, 92 young (94208K), 4 survivors (4096K)
 Metaspace       used 146466K, committed 148480K, reserved 1179648K
  class space    used 19267K, committed 20224K, reserved 1048576K
}
Event: 46.044 GC heap after
{Heap after GC invocations=51 (full 0):
 garbage-first heap   total 265216K, used 130090K [0x0000000080000000, 0x0000000100000000)
  region size 1024K, 4 young (4096K), 4 survivors (4096K)
 Metaspace       used 146466K, committed 148480K, reserved 1179648K
  class space    used 19267K, committed 20224K, reserved 1048576K
}
Event: 47.167 GC heap before
{Heap before GC invocations=51 (full 0):
 garbage-first heap   total 265216K, used 240682K [0x0000000080000000, 0x0000000100000000)
  region size 1024K, 113 young (115712K), 4 survivors (4096K)
 Metaspace       used 146731K, committed 148800K, reserved 1179648K
  class space    used 19315K, committed 20288K, reserved 1048576K
}
Event: 47.180 GC heap after
{Heap after GC invocations=52 (full 0):
 garbage-first heap   total 265216K, used 114683K [0x0000000080000000, 0x0000000100000000)
  region size 1024K, 9 young (9216K), 9 survivors (9216K)
 Metaspace       used 146731K, committed 148800K, reserved 1179648K
  class space    used 19315K, committed 20288K, reserved 1048576K
}
Event: 51.080 GC heap before
{Heap before GC invocations=52 (full 0):
 garbage-first heap   total 265216K, used 241659K [0x0000000080000000, 0x0000000100000000)
  region size 1024K, 131 young (134144K), 9 survivors (9216K)
 Metaspace       used 146955K, committed 148992K, reserved 1179648K
  class space    used 19318K, committed 20288K, reserved 1048576K
}
Event: 51.136 GC heap after
{Heap after GC invocations=53 (full 0):
 garbage-first heap   total 296960K, used 162816K [0x0000000080000000, 0x0000000100000000)
  region size 1024K, 17 young (17408K), 17 survivors (17408K)
 Metaspace       used 146955K, committed 148992K, reserved 1179648K
  class space    used 19318K, committed 20288K, reserved 1048576K
}
Event: 51.482 GC heap before
{Heap before GC invocations=53 (full 0):
 garbage-first heap   total 296960K, used 191488K [0x0000000080000000, 0x0000000100000000)
  region size 1024K, 44 young (45056K), 17 survivors (17408K)
 Metaspace       used 147270K, committed 149376K, reserved 1179648K
  class space    used 19345K, committed 20352K, reserved 1048576K
}
Event: 51.513 GC heap after
{Heap after GC invocations=54 (full 0):
 garbage-first heap   total 296960K, used 177521K [0x0000000080000000, 0x0000000100000000)
  region size 1024K, 11 young (11264K), 11 survivors (11264K)
 Metaspace       used 147270K, committed 149376K, reserved 1179648K
  class space    used 19345K, committed 20352K, reserved 1048576K
}
Event: 52.696 GC heap before
{Heap before GC invocations=55 (full 0):
 garbage-first heap   total 307200K, used 256369K [0x0000000080000000, 0x0000000100000000)
  region size 1024K, 82 young (83968K), 11 survivors (11264K)
 Metaspace       used 151989K, committed 154048K, reserved 1245184K
  class space    used 19885K, committed 20864K, reserved 1048576K
}
Event: 52.707 GC heap after
{Heap after GC invocations=56 (full 0):
 garbage-first heap   total 307200K, used 191194K [0x0000000080000000, 0x0000000100000000)
  region size 1024K, 8 young (8192K), 8 survivors (8192K)
 Metaspace       used 151989K, committed 154048K, reserved 1245184K
  class space    used 19885K, committed 20864K, reserved 1048576K
}
Event: 54.458 GC heap before
{Heap before GC invocations=56 (full 0):
 garbage-first heap   total 307200K, used 266970K [0x0000000080000000, 0x0000000100000000)
  region size 1024K, 80 young (81920K), 8 survivors (8192K)
 Metaspace       used 158464K, committed 160640K, reserved 1245184K
  class space    used 20737K, committed 21760K, reserved 1048576K
}
Event: 54.469 GC heap after
{Heap after GC invocations=57 (full 0):
 garbage-first heap   total 307200K, used 192750K [0x0000000080000000, 0x0000000100000000)
  region size 1024K, 3 young (3072K), 3 survivors (3072K)
 Metaspace       used 158464K, committed 160640K, reserved 1245184K
  class space    used 20737K, committed 21760K, reserved 1048576K
}
Event: 55.167 GC heap before
{Heap before GC invocations=57 (full 0):
 garbage-first heap   total 307200K, used 216302K [0x0000000080000000, 0x0000000100000000)
  region size 1024K, 28 young (28672K), 3 survivors (3072K)
 Metaspace       used 159871K, committed 162112K, reserved 1245184K
  class space    used 20935K, committed 22016K, reserved 1048576K
}
Event: 55.175 GC heap after
{Heap after GC invocations=58 (full 0):
 garbage-first heap   total 307200K, used 194594K [0x0000000080000000, 0x0000000100000000)
  region size 1024K, 5 young (5120K), 5 survivors (5120K)
 Metaspace       used 159871K, committed 162112K, reserved 1245184K
  class space    used 20935K, committed 22016K, reserved 1048576K
}
Event: 56.760 GC heap before
{Heap before GC invocations=59 (full 0):
 garbage-first heap   total 307200K, used 240674K [0x0000000080000000, 0x0000000100000000)
  region size 1024K, 83 young (84992K), 5 survivors (5120K)
 Metaspace       used 164053K, committed 166272K, reserved 1245184K
  class space    used 21512K, committed 22528K, reserved 1048576K
}
Event: 56.770 GC heap after
{Heap after GC invocations=60 (full 0):
 garbage-first heap   total 307200K, used 161495K [0x0000000080000000, 0x0000000100000000)
  region size 1024K, 10 young (10240K), 10 survivors (10240K)
 Metaspace       used 164053K, committed 166272K, reserved 1245184K
  class space    used 21512K, committed 22528K, reserved 1048576K
}
Event: 57.350 GC heap before
{Heap before GC invocations=60 (full 0):
 garbage-first heap   total 307200K, used 261847K [0x0000000080000000, 0x0000000100000000)
  region size 1024K, 107 young (109568K), 10 survivors (10240K)
 Metaspace       used 164434K, committed 166656K, reserved 1245184K
  class space    used 21556K, committed 22592K, reserved 1048576K
}
Event: 57.394 GC heap after
{Heap after GC invocations=61 (full 0):
 garbage-first heap   total 313344K, used 179200K [0x0000000080000000, 0x0000000100000000)
  region size 1024K, 14 young (14336K), 14 survivors (14336K)
 Metaspace       used 164434K, committed 166656K, reserved 1245184K
  class space    used 21556K, committed 22592K, reserved 1048576K
}
Event: 59.372 GC heap before
{Heap before GC invocations=61 (full 0):
 garbage-first heap   total 313344K, used 236544K [0x0000000080000000, 0x0000000100000000)
  region size 1024K, 71 young (72704K), 14 survivors (14336K)
 Metaspace       used 164741K, committed 166976K, reserved 1245184K
  class space    used 21561K, committed 22592K, reserved 1048576K
}
Event: 59.406 GC heap after
{Heap after GC invocations=62 (full 0):
 garbage-first heap   total 313344K, used 195072K [0x0000000080000000, 0x0000000100000000)
  region size 1024K, 12 young (12288K), 12 survivors (12288K)
 Metaspace       used 164741K, committed 166976K, reserved 1245184K
  class space    used 21561K, committed 22592K, reserved 1048576K
}

